Godot Engine v3.6.stable.official.de2f0f147 - https://godotengine.org
OpenGL ES 2.0 Renderer: Intel(R) HD Graphics
 
----------------------------------------------------------------------------------------------
 GdUnit3 Comandline Tool

Disabled fail fast!
Scanning for test suites in: C:/Users/user/documents/projects Godot/Platform_Shooter/tests
Run Test Suite res://tests/test_sigleton_modules.gd 
	Run Test: res://tests/test_sigleton_modules.gd > test_is_package :STARTED
	Run Test: res://tests/test_sigleton_modules.gd > test_is_package :PASSED 93ms

	Run Test: res://tests/test_sigleton_modules.gd > test_not_is_package :STARTED
	Run Test: res://tests/test_sigleton_modules.gd > test_not_is_package :PASSED 78ms

	Run Test: res://tests/test_sigleton_modules.gd > test_is_module :STARTED
	Run Test: res://tests/test_sigleton_modules.gd > test_is_module :PASSED 133ms

	Run Test: res://tests/test_sigleton_modules.gd > test_not_is_module :STARTED
	Run Test: res://tests/test_sigleton_modules.gd > test_not_is_module :PASSED 99ms

	Run Test: res://tests/test_sigleton_modules.gd > test_get_pathrray_by_string :STARTED
	Run Test: res://tests/test_sigleton_modules.gd > test_get_pathrray_by_string :PASSED 65ms

	Run Test: res://tests/test_sigleton_modules.gd > test_get_pathrray_by_string_with_one_path :STARTED
	Run Test: res://tests/test_sigleton_modules.gd > test_get_pathrray_by_string_with_one_path :PASSED 83ms

	Run Test: res://tests/test_sigleton_modules.gd > test_get_string_by_pathrray_type_package_as_path :STARTED
	Run Test: res://tests/test_sigleton_modules.gd > test_get_string_by_pathrray_type_package_as_path :PASSED 100ms

	Run Test: res://tests/test_sigleton_modules.gd > test_get_string_by_pathrray_type_package_as_path_module :STARTED
	Run Test: res://tests/test_sigleton_modules.gd > test_get_string_by_pathrray_type_package_as_path_module :PASSED 65ms

	Run Test: res://tests/test_sigleton_modules.gd > test_get_string_by_pathrray_type_module_as_path :STARTED
	Run Test: res://tests/test_sigleton_modules.gd > test_get_string_by_pathrray_type_module_as_path :PASSED 66ms

	Run Test: res://tests/test_sigleton_modules.gd > test_get_string_by_pathrray_type_module_as_path_module :STARTED
	Run Test: res://tests/test_sigleton_modules.gd > test_get_string_by_pathrray_type_module_as_path_module :PASSED 99ms

	Run Test: res://tests/test_sigleton_modules.gd > test_get_module_by_pathrray_valid :STARTED
	Run Test: res://tests/test_sigleton_modules.gd > test_get_module_by_pathrray_valid :PASSED 82ms

	Run Test: res://tests/test_sigleton_modules.gd > test_get_module_by_pathrray_not_valid :STARTED
ERROR: Condition "name == """ is true.
   at: set_name (scene/main/node.cpp:1095) - Condition "name == """ is true.
	Run Test: res://tests/test_sigleton_modules.gd > test_get_module_by_pathrray_not_valid :PASSED 149ms

	Run Test: res://tests/test_sigleton_modules.gd > test_get_package_by_pathrray :STARTED
	Run Test: res://tests/test_sigleton_modules.gd > test_get_package_by_pathrray :PASSED 66ms

	Run Test: res://tests/test_sigleton_modules.gd > test_get_package_by_pathrray_invalid :STARTED
	Run Test: res://tests/test_sigleton_modules.gd > test_get_package_by_pathrray_invalid :PASSED 66ms

PASSED 1s 295ms
	| 14 total | 0 error | 0 failed | 0 skipped | 0 orphans |

Total test suites: 1
Total test cases:  14
Total time:        1s 295ms
Open Report at: file://C:/Users/user/documents/projects Godot/Platform_Shooter/reports/report_1/index.html
Exit code: 0
WARNING: ObjectDB instances leaked at exit (run with --verbose for details).
   at: cleanup (core/object.cpp:2074) - ObjectDB instances leaked at exit (run with --verbose for details).
